This is pdfTeX, Version 3.14159265-2.6-1.40.19 (MiKTeX 2.9.6840) (preloaded format=pdflatex 2018.11.10)  18 NOV 2018 12:14
entering extended mode
**./tesis.tex
(tesis.tex
LaTeX2e <2018-04-01> patch level 5
(udelar.cls
Document Class: udelar 2015/10/10\ v2.3.2\ Fing Dissertations and Thesis
(/home/giovani/.miktex/texmfs/install/tex/latex/base/book.cls
Document Class: book 2014/09/29 v1.4h Standard LaTeX document class
(/home/giovani/.miktex/texmfs/install/tex/latex/base/bk12.clo
File: bk12.clo 2014/09/29 v1.4h Standard LaTeX file (size option)
)
\c@part=\count80
\c@chapter=\count81
\c@section=\count82
\c@subsection=\count83
\c@subsubsection=\count84
\c@paragraph=\count85
\c@subparagraph=\count86
\c@figure=\count87
\c@table=\count88
\abovecaptionskip=\skip41
\belowcaptionskip=\skip42
\bibindent=\dimen102
)
(/home/giovani/.miktex/texmfs/install/tex/latex/changes/changes.sty
Package: changes 2018/11/04 v3.0.0 changes package

*** changes package 2018/11/04 v3.0.0 ***
(/home/giovani/.miktex/texmfs/install/tex/latex/xkeyval/xkeyval.sty
Package: xkeyval 2014/12/03 v2.7a package option processing (HA)

(/home/giovani/.miktex/texmfs/install/tex/generic/xkeyval/xkeyval.tex
(/home/giovani/.miktex/texmfs/install/tex/generic/xkeyval/xkvutils.tex
\XKV@toks=\toks14
\XKV@tempa@toks=\toks15

(/home/giovani/.miktex/texmfs/install/tex/generic/xkeyval/keyval.tex))
\XKV@depth=\count89
File: xkeyval.tex 2014/12/03 v2.7a key=value parser (HA)
))
(/home/giovani/.miktex/texmfs/install/tex/latex/xifthen/xifthen.sty
Package: xifthen 2015/11/05 v1.4.0 Extended ifthen features

(/home/giovani/.miktex/texmfs/install/tex/latex/tools/calc.sty
Package: calc 2017/05/25 v4.3 Infix arithmetic (KKT,FJ)
\calc@Acount=\count90
\calc@Bcount=\count91
\calc@Adimen=\dimen103
\calc@Bdimen=\dimen104
\calc@Askip=\skip43
\calc@Bskip=\skip44
LaTeX Info: Redefining \setlength on input line 80.
LaTeX Info: Redefining \addtolength on input line 81.
\calc@Ccount=\count92
\calc@Cskip=\skip45
)
(/home/giovani/.miktex/texmfs/install/tex/latex/base/ifthen.sty
Package: ifthen 2014/09/29 v1.1c Standard LaTeX ifthen package (DPC)
)
(/home/giovani/.miktex/texmfs/install/tex/latex/ifmtarg/ifmtarg.sty
Package: ifmtarg 2018/04/16 v1.2b check for an empty argument
))
(/home/giovani/.miktex/texmfs/install/tex/latex/xstring/xstring.sty
(/home/giovani/.miktex/texmfs/install/tex/generic/xstring/xstring.tex
\@xs@message=\write3
\integerpart=\count93
\decimalpart=\count94
)
Package: xstring 2013/10/13  v1.7c  String manipulations (C Tellechea)
)
changes-option 'markup=underlined'
(/home/giovani/.miktex/texmfs/install/tex/latex/xcolor/xcolor.sty
Package: xcolor 2016/05/11 v2.12 LaTeX color extensions (UK)

(/home/giovani/.miktex/texmfs/install/tex/latex/graphics-cfg/color.cfg
File: color.cfg 2016/01/02 v1.6 sample color configuration
)
Package xcolor Info: Driver file: pdftex.def on input line 225.

(/home/giovani/.miktex/texmfs/install/tex/latex/graphics-def/pdftex.def
File: pdftex.def 2018/01/08 v1.0l Graphics/color driver for pdftex
)
Package xcolor Info: Model `cmy' substituted by `cmy0' on input line 1348.
Package xcolor Info: Model `hsb' substituted by `rgb' on input line 1352.
Package xcolor Info: Model `RGB' extended on input line 1364.
Package xcolor Info: Model `HTML' substituted by `rgb' on input line 1366.
Package xcolor Info: Model `Hsb' substituted by `hsb' on input line 1367.
Package xcolor Info: Model `tHsb' substituted by `hsb' on input line 1368.
Package xcolor Info: Model `HSB' substituted by `hsb' on input line 1369.
Package xcolor Info: Model `Gray' substituted by `gray' on input line 1370.
Package xcolor Info: Model `wave' substituted by `hsb' on input line 1371.
)
(/home/giovani/.miktex/texmfs/install/tex/latex/oberdiek/pdfcolmk.sty
Package: pdfcolmk 2016/05/16 v1.3 Color support for pdfTeX via marks (HO)
Package pdfcolmk Info: The color stack of pdfTeX >= 1.40 is used. Therefore
(pdfcolmk)             this package is not necessary and not loaded.
)
(/home/giovani/.miktex/texmfs/install/tex/latex/ulem/ulem.sty
\UL@box=\box26
\UL@hyphenbox=\box27
\UL@skip=\skip46
\UL@hook=\toks16
\UL@height=\dimen105
\UL@pe=\count95
\UL@pixel=\dimen106
\ULC@box=\box28
Package: ulem 2012/05/18
\ULdepth=\dimen107
)
(/home/giovani/.miktex/texmfs/install/tex/latex/todonotes/todonotes.sty
Package: todonotes 2015/07/09 .dtx Todonotes source and documentation.
Package: todonotes 2012/07/25

(/home/giovani/.miktex/texmfs/install/tex/latex/pgf/frontendlayer/tikz.sty
(/home/giovani/.miktex/texmfs/install/tex/latex/pgf/basiclayer/pgf.sty
(/home/giovani/.miktex/texmfs/install/tex/latex/pgf/utilities/pgfrcs.sty
(/home/giovani/.miktex/texmfs/install/tex/generic/pgf/utilities/pgfutil-common.
tex
\pgfutil@everybye=\toks17
\pgfutil@tempdima=\dimen108
\pgfutil@tempdimb=\dimen109

(/home/giovani/.miktex/texmfs/install/tex/generic/pgf/utilities/pgfutil-common-
lists.tex))
(/home/giovani/.miktex/texmfs/install/tex/generic/pgf/utilities/pgfutil-latex.d
ef
\pgfutil@abb=\box29
 (/home/giovani/.miktex/texmfs/install/tex/latex/ms/everyshi.sty
Package: everyshi 2001/05/15 v3.00 EveryShipout Package (MS)
))
(/home/giovani/.miktex/texmfs/install/tex/generic/pgf/utilities/pgfrcs.code.tex
Package: pgfrcs 2015/08/07 v3.0.1a (rcs-revision 1.31)
))
Package: pgf 2015/08/07 v3.0.1a (rcs-revision 1.15)
 (/home/giovani/.miktex/texmfs/install/tex/latex/pgf/basiclayer/pgfcore.sty
(/home/giovani/.miktex/texmfs/install/tex/latex/graphics/graphicx.sty
Package: graphicx 2017/06/01 v1.1a Enhanced LaTeX Graphics (DPC,SPQR)

(/home/giovani/.miktex/texmfs/install/tex/latex/graphics/graphics.sty
Package: graphics 2017/06/25 v1.2c Standard LaTeX Graphics (DPC,SPQR)

(/home/giovani/.miktex/texmfs/install/tex/latex/graphics/trig.sty
Package: trig 2016/01/03 v1.10 sin cos tan (DPC)
)
(/home/giovani/.miktex/texmfs/install/tex/latex/graphics-cfg/graphics.cfg
File: graphics.cfg 2016/06/04 v1.11 sample graphics configuration
)
Package graphics Info: Driver file: pdftex.def on input line 99.
)
\Gin@req@height=\dimen110
\Gin@req@width=\dimen111
)
(/home/giovani/.miktex/texmfs/install/tex/latex/pgf/systemlayer/pgfsys.sty
(/home/giovani/.miktex/texmfs/install/tex/generic/pgf/systemlayer/pgfsys.code.t
ex
Package: pgfsys 2014/07/09 v3.0.1a (rcs-revision 1.48)

(/home/giovani/.miktex/texmfs/install/tex/generic/pgf/utilities/pgfkeys.code.te
x
\pgfkeys@pathtoks=\toks18
\pgfkeys@temptoks=\toks19

(/home/giovani/.miktex/texmfs/install/tex/generic/pgf/utilities/pgfkeysfiltered
.code.tex
\pgfkeys@tmptoks=\toks20
))
\pgf@x=\dimen112
\pgf@y=\dimen113
\pgf@xa=\dimen114
\pgf@ya=\dimen115
\pgf@xb=\dimen116
\pgf@yb=\dimen117
\pgf@xc=\dimen118
\pgf@yc=\dimen119
\w@pgf@writea=\write4
\r@pgf@reada=\read1
\c@pgf@counta=\count96
\c@pgf@countb=\count97
\c@pgf@countc=\count98
\c@pgf@countd=\count99
\t@pgf@toka=\toks21
\t@pgf@tokb=\toks22
\t@pgf@tokc=\toks23

(/home/giovani/.miktex/texmfs/install/tex/generic/pgf/systemlayer/pgf.cfg
File: pgf.cfg 2008/05/14  (rcs-revision 1.7)
)
Driver file for pgf: pgfsys-pdftex.def

(/home/giovani/.miktex/texmfs/install/tex/generic/pgf/systemlayer/pgfsys-pdftex
.def
File: pgfsys-pdftex.def 2014/10/11  (rcs-revision 1.35)

(/home/giovani/.miktex/texmfs/install/tex/generic/pgf/systemlayer/pgfsys-common
-pdf.def
File: pgfsys-common-pdf.def 2013/10/10  (rcs-revision 1.13)
)))
(/home/giovani/.miktex/texmfs/install/tex/generic/pgf/systemlayer/pgfsyssoftpat
h.code.tex
File: pgfsyssoftpath.code.tex 2013/09/09  (rcs-revision 1.9)
\pgfsyssoftpath@smallbuffer@items=\count100
\pgfsyssoftpath@bigbuffer@items=\count101
)
(/home/giovani/.miktex/texmfs/install/tex/generic/pgf/systemlayer/pgfsysprotoco
l.code.tex
File: pgfsysprotocol.code.tex 2006/10/16  (rcs-revision 1.4)
))
(/home/giovani/.miktex/texmfs/install/tex/generic/pgf/basiclayer/pgfcore.code.t
ex
Package: pgfcore 2010/04/11 v3.0.1a (rcs-revision 1.7)
 (/home/giovani/.miktex/texmfs/install/tex/generic/pgf/math/pgfmath.code.tex
(/home/giovani/.miktex/texmfs/install/tex/generic/pgf/math/pgfmathcalc.code.tex

(/home/giovani/.miktex/texmfs/install/tex/generic/pgf/math/pgfmathutil.code.tex
)
(/home/giovani/.miktex/texmfs/install/tex/generic/pgf/math/pgfmathparser.code.t
ex
\pgfmath@dimen=\dimen120
\pgfmath@count=\count102
\pgfmath@box=\box30
\pgfmath@toks=\toks24
\pgfmath@stack@operand=\toks25
\pgfmath@stack@operation=\toks26
)
(/home/giovani/.miktex/texmfs/install/tex/generic/pgf/math/pgfmathfunctions.cod
e.tex
(/home/giovani/.miktex/texmfs/install/tex/generic/pgf/math/pgfmathfunctions.bas
ic.code.tex)
(/home/giovani/.miktex/texmfs/install/tex/generic/pgf/math/pgfmathfunctions.tri
gonometric.code.tex)
(/home/giovani/.miktex/texmfs/install/tex/generic/pgf/math/pgfmathfunctions.ran
dom.code.tex)
(/home/giovani/.miktex/texmfs/install/tex/generic/pgf/math/pgfmathfunctions.com
parison.code.tex)
(/home/giovani/.miktex/texmfs/install/tex/generic/pgf/math/pgfmathfunctions.bas
e.code.tex)
(/home/giovani/.miktex/texmfs/install/tex/generic/pgf/math/pgfmathfunctions.rou
nd.code.tex)
(/home/giovani/.miktex/texmfs/install/tex/generic/pgf/math/pgfmathfunctions.mis
c.code.tex)
(/home/giovani/.miktex/texmfs/install/tex/generic/pgf/math/pgfmathfunctions.int
egerarithmetics.code.tex)))
(/home/giovani/.miktex/texmfs/install/tex/generic/pgf/math/pgfmathfloat.code.te
x
\c@pgfmathroundto@lastzeros=\count103
))
(/home/giovani/.miktex/texmfs/install/tex/generic/pgf/basiclayer/pgfcorepoints.
code.tex
File: pgfcorepoints.code.tex 2013/10/07  (rcs-revision 1.27)
\pgf@picminx=\dimen121
\pgf@picmaxx=\dimen122
\pgf@picminy=\dimen123
\pgf@picmaxy=\dimen124
\pgf@pathminx=\dimen125
\pgf@pathmaxx=\dimen126
\pgf@pathminy=\dimen127
\pgf@pathmaxy=\dimen128
\pgf@xx=\dimen129
\pgf@xy=\dimen130
\pgf@yx=\dimen131
\pgf@yy=\dimen132
\pgf@zx=\dimen133
\pgf@zy=\dimen134
)
(/home/giovani/.miktex/texmfs/install/tex/generic/pgf/basiclayer/pgfcorepathcon
struct.code.tex
File: pgfcorepathconstruct.code.tex 2013/10/07  (rcs-revision 1.29)
\pgf@path@lastx=\dimen135
\pgf@path@lasty=\dimen136
)
(/home/giovani/.miktex/texmfs/install/tex/generic/pgf/basiclayer/pgfcorepathusa
ge.code.tex
File: pgfcorepathusage.code.tex 2014/11/02  (rcs-revision 1.24)
\pgf@shorten@end@additional=\dimen137
\pgf@shorten@start@additional=\dimen138
)
(/home/giovani/.miktex/texmfs/install/tex/generic/pgf/basiclayer/pgfcorescopes.
code.tex
File: pgfcorescopes.code.tex 2015/05/08  (rcs-revision 1.46)
\pgfpic=\box31
\pgf@hbox=\box32
\pgf@layerbox@main=\box33
\pgf@picture@serial@count=\count104
)
(/home/giovani/.miktex/texmfs/install/tex/generic/pgf/basiclayer/pgfcoregraphic
state.code.tex
File: pgfcoregraphicstate.code.tex 2014/11/02  (rcs-revision 1.12)
\pgflinewidth=\dimen139
)
(/home/giovani/.miktex/texmfs/install/tex/generic/pgf/basiclayer/pgfcoretransfo
rmations.code.tex
File: pgfcoretransformations.code.tex 2015/08/07  (rcs-revision 1.20)
\pgf@pt@x=\dimen140
\pgf@pt@y=\dimen141
\pgf@pt@temp=\dimen142
)
(/home/giovani/.miktex/texmfs/install/tex/generic/pgf/basiclayer/pgfcorequick.c
ode.tex
File: pgfcorequick.code.tex 2008/10/09  (rcs-revision 1.3)
)
(/home/giovani/.miktex/texmfs/install/tex/generic/pgf/basiclayer/pgfcoreobjects
.code.tex
File: pgfcoreobjects.code.tex 2006/10/11  (rcs-revision 1.2)
)
(/home/giovani/.miktex/texmfs/install/tex/generic/pgf/basiclayer/pgfcorepathpro
cessing.code.tex
File: pgfcorepathprocessing.code.tex 2013/09/09  (rcs-revision 1.9)
)
(/home/giovani/.miktex/texmfs/install/tex/generic/pgf/basiclayer/pgfcorearrows.
code.tex
File: pgfcorearrows.code.tex 2015/05/14  (rcs-revision 1.43)
\pgfarrowsep=\dimen143
)
(/home/giovani/.miktex/texmfs/install/tex/generic/pgf/basiclayer/pgfcoreshade.c
ode.tex
File: pgfcoreshade.code.tex 2013/07/15  (rcs-revision 1.15)
\pgf@max=\dimen144
\pgf@sys@shading@range@num=\count105
)
(/home/giovani/.miktex/texmfs/install/tex/generic/pgf/basiclayer/pgfcoreimage.c
ode.tex
File: pgfcoreimage.code.tex 2013/07/15  (rcs-revision 1.18)

(/home/giovani/.miktex/texmfs/install/tex/generic/pgf/basiclayer/pgfcoreexterna
l.code.tex
File: pgfcoreexternal.code.tex 2014/07/09  (rcs-revision 1.21)
\pgfexternal@startupbox=\box34
))
(/home/giovani/.miktex/texmfs/install/tex/generic/pgf/basiclayer/pgfcorelayers.
code.tex
File: pgfcorelayers.code.tex 2013/07/18  (rcs-revision 1.7)
)
(/home/giovani/.miktex/texmfs/install/tex/generic/pgf/basiclayer/pgfcoretranspa
rency.code.tex
File: pgfcoretransparency.code.tex 2013/09/30  (rcs-revision 1.5)
)
(/home/giovani/.miktex/texmfs/install/tex/generic/pgf/basiclayer/pgfcorepattern
s.code.tex
File: pgfcorepatterns.code.tex 2013/11/07  (rcs-revision 1.5)
)))
(/home/giovani/.miktex/texmfs/install/tex/generic/pgf/modules/pgfmoduleshapes.c
ode.tex
File: pgfmoduleshapes.code.tex 2014/03/21  (rcs-revision 1.35)
\pgfnodeparttextbox=\box35
)
(/home/giovani/.miktex/texmfs/install/tex/generic/pgf/modules/pgfmoduleplot.cod
e.tex
File: pgfmoduleplot.code.tex 2015/08/03  (rcs-revision 1.13)
)
(/home/giovani/.miktex/texmfs/install/tex/latex/pgf/compatibility/pgfcomp-versi
on-0-65.sty
Package: pgfcomp-version-0-65 2007/07/03 v3.0.1a (rcs-revision 1.7)
\pgf@nodesepstart=\dimen145
\pgf@nodesepend=\dimen146
)
(/home/giovani/.miktex/texmfs/install/tex/latex/pgf/compatibility/pgfcomp-versi
on-1-18.sty
Package: pgfcomp-version-1-18 2007/07/23 v3.0.1a (rcs-revision 1.1)
))
(/home/giovani/.miktex/texmfs/install/tex/latex/pgf/utilities/pgffor.sty
(/home/giovani/.miktex/texmfs/install/tex/latex/pgf/utilities/pgfkeys.sty
(/home/giovani/.miktex/texmfs/install/tex/generic/pgf/utilities/pgfkeys.code.te
x)) (/home/giovani/.miktex/texmfs/install/tex/latex/pgf/math/pgfmath.sty
(/home/giovani/.miktex/texmfs/install/tex/generic/pgf/math/pgfmath.code.tex))
(/home/giovani/.miktex/texmfs/install/tex/generic/pgf/utilities/pgffor.code.tex
Package: pgffor 2013/12/13 v3.0.1a (rcs-revision 1.25)
(/home/giovani/.miktex/texmfs/install/tex/generic/pgf/math/pgfmath.code.tex)
\pgffor@iter=\dimen147
\pgffor@skip=\dimen148
\pgffor@stack=\toks27
\pgffor@toks=\toks28
))
(/home/giovani/.miktex/texmfs/install/tex/generic/pgf/frontendlayer/tikz/tikz.c
ode.tex
Package: tikz 2015/08/07 v3.0.1a (rcs-revision 1.151)

(/home/giovani/.miktex/texmfs/install/tex/generic/pgf/libraries/pgflibraryploth
andlers.code.tex
File: pgflibraryplothandlers.code.tex 2013/08/31 v3.0.1a (rcs-revision 1.20)
\pgf@plot@mark@count=\count106
\pgfplotmarksize=\dimen149
)
\tikz@lastx=\dimen150
\tikz@lasty=\dimen151
\tikz@lastxsaved=\dimen152
\tikz@lastysaved=\dimen153
\tikzleveldistance=\dimen154
\tikzsiblingdistance=\dimen155
\tikz@figbox=\box36
\tikz@figbox@bg=\box37
\tikz@tempbox=\box38
\tikz@tempbox@bg=\box39
\tikztreelevel=\count107
\tikznumberofchildren=\count108
\tikznumberofcurrentchild=\count109
\tikz@fig@count=\count110

(/home/giovani/.miktex/texmfs/install/tex/generic/pgf/modules/pgfmodulematrix.c
ode.tex
File: pgfmodulematrix.code.tex 2013/09/17  (rcs-revision 1.8)
\pgfmatrixcurrentrow=\count111
\pgfmatrixcurrentcolumn=\count112
\pgf@matrix@numberofcolumns=\count113
)
\tikz@expandcount=\count114

(/home/giovani/.miktex/texmfs/install/tex/generic/pgf/frontendlayer/tikz/librar
ies/tikzlibrarytopaths.code.tex
File: tikzlibrarytopaths.code.tex 2008/06/17 v3.0.1a (rcs-revision 1.2)
)))
(/home/giovani/.miktex/texmfs/install/tex/generic/pgf/frontendlayer/tikz/librar
ies/tikzlibrarypositioning.code.tex
File: tikzlibrarypositioning.code.tex 2008/10/06 v3.0.1a (rcs-revision 1.7)
)
\c@@todonotes@numberoftodonotes=\count115
)
\c@Changes@AuthorCount=\count116
\c@Changes@Author=\count117
\c@Changes@addedCount=\count118
\c@Changes@deletedCount=\count119
\c@Changes@replacedCount=\count120
\c@Changes@highlightCount=\count121
\c@Changes@commentCount=\count122
\c@authorcommentcount=\count123

(/home/giovani/.miktex/texmfs/install/tex/latex/truncate/truncate.sty
Package: truncate 2001/08/20  ver 3.6
\@Trunc@RestHyph=\toks29
)
\Changes@truncate@width=\skip47
\Changes@summary@width=\skip48
)
(/home/giovani/.miktex/texmfs/install/tex/latex/footmisc/footmisc.sty
Package: footmisc 2011/06/06 v5.5b a miscellany of footnote facilities
\FN@temptoken=\toks30
\footnotemargin=\dimen156
\c@pp@next@reset=\count124
\c@@fnserial=\count125
Package footmisc Info: Declaring symbol style bringhurst on input line 855.
Package footmisc Info: Declaring symbol style chicago on input line 863.
Package footmisc Info: Declaring symbol style wiley on input line 872.
Package footmisc Info: Declaring symbol style lamport-robust on input line 883.

Package footmisc Info: Declaring symbol style lamport* on input line 903.
Package footmisc Info: Declaring symbol style lamport*-robust on input line 924
.
)
(/home/giovani/.miktex/texmfs/install/tex/latex/hyphenat/hyphenat.sty
Package: hyphenat 2009/09/02 v2.3c hyphenation utilities
\langwohyphens=\language1
LaTeX Info: Redefining \_ on input line 43.
)
(/home/giovani/.miktex/texmfs/install/tex/latex/appendix/appendix.sty
Package: appendix 2009/09/02 v1.2b extra appendix facilities
\c@@pps=\count126
\c@@ppsavesec=\count127
\c@@ppsaveapp=\count128
)
(/home/giovani/.miktex/texmfs/install/tex/latex/lastpage/lastpage.sty
Package: lastpage 2015/03/29 v1.2m Refers to last page's name (HMM; JPG)
)
(/home/giovani/.miktex/texmfs/install/tex/generic/babel/babel.sty
Package: babel 2018/10/16 3.26 The Babel package

(/home/giovani/.miktex/texmfs/install/tex/generic/babel/switch.def
File: switch.def 2018/10/16 3.26 Babel switching mechanism
)
*************************************
* Local config file bblopts.cfg used
*
(/home/giovani/.miktex/texmfs/install/tex/latex/arabi/bblopts.cfg
File: bblopts.cfg 2005/09/08 v0.1 add Arabic and Farsi to "declared" options of
 babel
)
(/home/giovani/.miktex/texmfs/install/tex/latex/babel-english/english.ldf
Language: english 2017/06/06 v3.3r English support from the babel system

(/home/giovani/.miktex/texmfs/install/tex/generic/babel/babel.def
File: babel.def 2018/10/16 3.26 Babel common definitions
\babel@savecnt=\count129
\U@D=\dimen157

(/home/giovani/.miktex/texmfs/install/tex/generic/babel/txtbabel.def)
\bbl@dirlevel=\count130
)
\l@british = a dialect from \language\l@english 
\l@UKenglish = a dialect from \language\l@english 
\l@american = a dialect from \language\l@english 
\l@canadian = a dialect from \language\l@american 
\l@australian = a dialect from \language\l@british 
\l@newzealand = a dialect from \language\l@british 
)
(/home/giovani/.miktex/texmfs/install/tex/latex/babel-spanish/spanish.ldf
Language: spanish.ldf 2016/03/03 v5.0p Spanish support from the babel system


Package babel Warning: No hyphenation patterns were preloaded for
(babel)                the language `Spanish' into the format.
(babel)                Please, configure your TeX system to add them and
(babel)                rebuild the format. Now I will use the patterns
(babel)                preloaded for \language=0 instead on input line 51.

\l@spanish = a dialect from \language0
\es@quottoks=\toks31
\es@quotdepth=\count131
Package babel Info: Making " an active character on input line 561.
Package babel Info: Making < an active character on input line 707.
Package babel Info: Making > an active character on input line 707.
)) (/home/giovani/.miktex/texmfs/install/tex/latex/base/inputenc.sty
Package: inputenc 2018/04/06 v1.3b Input encoding file
\inpenc@prehook=\toks32
\inpenc@posthook=\toks33

(/home/giovani/.miktex/texmfs/install/tex/latex/ucs/utf8x.def
File: utf8x.def 2004/10/17 UCS: Input encoding UTF-8
))
(/home/giovani/.miktex/texmfs/install/tex/latex/ucs/ucs.sty
Package: ucs 2013/05/11 v2.2 UCS: Unicode input support

(/home/giovani/.miktex/texmfs/install/tex/latex/ucs/uni-global.def
File: uni-global.def 2013/05/13 UCS: Unicode global data
)
\uc@secondtry=\count132
\uc@combtoks=\toks34
\uc@combtoksb=\toks35
\uc@temptokena=\toks36
)
(/home/giovani/.miktex/texmfs/install/tex/latex/amsmath/amsmath.sty
Package: amsmath 2017/09/02 v2.17a AMS math features
\@mathmargin=\skip49

For additional information on amsmath, use the `?' option.
(/home/giovani/.miktex/texmfs/install/tex/latex/amsmath/amstext.sty
Package: amstext 2000/06/29 v2.01 AMS text

(/home/giovani/.miktex/texmfs/install/tex/latex/amsmath/amsgen.sty
File: amsgen.sty 1999/11/30 v2.0 generic functions
\@emptytoks=\toks37
\ex@=\dimen158
))
(/home/giovani/.miktex/texmfs/install/tex/latex/amsmath/amsbsy.sty
Package: amsbsy 1999/11/29 v1.2d Bold Symbols
\pmbraise@=\dimen159
)
(/home/giovani/.miktex/texmfs/install/tex/latex/amsmath/amsopn.sty
Package: amsopn 2016/03/08 v2.02 operator names
)
\inf@bad=\count133
LaTeX Info: Redefining \frac on input line 213.
\uproot@=\count134
\leftroot@=\count135
LaTeX Info: Redefining \overline on input line 375.
\classnum@=\count136
\DOTSCASE@=\count137
LaTeX Info: Redefining \ldots on input line 472.
LaTeX Info: Redefining \dots on input line 475.
LaTeX Info: Redefining \cdots on input line 596.
\Mathstrutbox@=\box40
\strutbox@=\box41
\big@size=\dimen160
LaTeX Font Info:    Redeclaring font encoding OML on input line 712.
LaTeX Font Info:    Redeclaring font encoding OMS on input line 713.
\macc@depth=\count138
\c@MaxMatrixCols=\count139
\dotsspace@=\muskip10
\c@parentequation=\count140
\dspbrk@lvl=\count141
\tag@help=\toks38
\row@=\count142
\column@=\count143
\maxfields@=\count144
\andhelp@=\toks39
\eqnshift@=\dimen161
\alignsep@=\dimen162
\tagshift@=\dimen163
\tagwidth@=\dimen164
\totwidth@=\dimen165
\lineht@=\dimen166
\@envbody=\toks40
\multlinegap=\skip50
\multlinetaggap=\skip51
\mathdisplay@stack=\toks41
LaTeX Info: Redefining \[ on input line 2817.
LaTeX Info: Redefining \] on input line 2818.
)
(/home/giovani/.miktex/texmfs/install/tex/latex/amsfonts/amssymb.sty
Package: amssymb 2013/01/14 v3.01 AMS font symbols

(/home/giovani/.miktex/texmfs/install/tex/latex/amsfonts/amsfonts.sty
Package: amsfonts 2013/01/14 v3.01 Basic AMSFonts support
\symAMSa=\mathgroup4
\symAMSb=\mathgroup5
LaTeX Font Info:    Overwriting math alphabet `\mathfrak' in version `bold'
(Font)                  U/euf/m/n --> U/euf/b/n on input line 106.
))
(/home/giovani/.miktex/texmfs/install/tex/latex/float/float.sty
Package: float 2001/11/08 v1.3d Float enhancements (AL)
\c@float@type=\count145
\float@exts=\toks42
\float@box=\box42
\@float@everytoks=\toks43
\@floatcapt=\box43
)
(/home/giovani/.miktex/texmfs/install/tex/latex/caption/caption.sty
Package: caption 2018/10/06 v3.3-154 Customizing captions (AR)

(/home/giovani/.miktex/texmfs/install/tex/latex/caption/caption3.sty
Package: caption3 2018/09/12 v1.8c caption3 kernel (AR)
Package caption3 Info: TeX engine: e-TeX on input line 64.
\captionmargin=\dimen167
\captionmargin@=\dimen168
\captionwidth=\dimen169
\caption@tempdima=\dimen170
\caption@indent=\dimen171
\caption@parindent=\dimen172
\caption@hangindent=\dimen173
)
\c@caption@flags=\count146
\c@ContinuedFloat=\count147
Package caption Info: float package is loaded.
)
(/home/giovani/.miktex/texmfs/install/tex/latex/setspace/setspace.sty
Package: setspace 2011/12/19 v6.7a set line spacing
)
(/home/giovani/.miktex/texmfs/install/tex/latex/tools/tabularx.sty
Package: tabularx 2016/02/03 v2.11b `tabularx' package (DPC)

(/home/giovani/.miktex/texmfs/install/tex/latex/tools/array.sty
Package: array 2018/04/30 v2.4h Tabular extension package (FMi)
\col@sep=\dimen174
\ar@mcellbox=\box44
\extrarowheight=\dimen175
\NC@list=\toks44
\extratabsurround=\skip52
\backup@length=\skip53
\ar@cellbox=\box45
)
\TX@col@width=\dimen176
\TX@old@table=\dimen177
\TX@old@col=\dimen178
\TX@target=\dimen179
\TX@delta=\dimen180
\TX@cols=\count148
\TX@ftn=\toks45
)
(/home/giovani/.miktex/texmfs/install/tex/latex/eqparbox/eqparbox.sty
Package: eqparbox 2017/09/03 v4.1 Create equal-widthed boxes
\eqp@tempdima=\skip54
\eqp@tempdimb=\skip55
\eqp@tabular@box=\box46
\eqp@list@box=\box47
\eqp@list@indent=\skip56

(/home/giovani/.miktex/texmfs/install/tex/latex/environ/environ.sty
Package: environ 2014/05/04 v0.3 A new way to define environments

(/home/giovani/.miktex/texmfs/install/tex/latex/trimspaces/trimspaces.sty
Package: trimspaces 2009/09/17 v1.1 Trim spaces around a token list
)))
(/home/giovani/.miktex/texmfs/install/tex/generic/oberdiek/ltxcmds.sty
Package: ltxcmds 2016/05/16 v1.23 LaTeX kernel commands for general use (HO)
)
(/home/giovani/.miktex/texmfs/install/tex/latex/titlesec/titletoc.sty
Package: titletoc 2011/12/15 v1.6 TOC entries
\ttl@leftsep=\dimen181
)
(/home/giovani/.miktex/texmfs/install/tex/latex/hyperref/hyperref.sty
Package: hyperref 2018/09/30 v6.88a Hypertext links for LaTeX

(/home/giovani/.miktex/texmfs/install/tex/generic/oberdiek/hobsub-hyperref.sty
Package: hobsub-hyperref 2016/05/16 v1.14 Bundle oberdiek, subset hyperref (HO)


(/home/giovani/.miktex/texmfs/install/tex/generic/oberdiek/hobsub-generic.sty
Package: hobsub-generic 2016/05/16 v1.14 Bundle oberdiek, subset generic (HO)
Package: hobsub 2016/05/16 v1.14 Construct package bundles (HO)
Package: infwarerr 2016/05/16 v1.4 Providing info/warning/error messages (HO)
Package hobsub Info: Skipping package `ltxcmds' (already loaded).
Package: ifluatex 2016/05/16 v1.4 Provides the ifluatex switch (HO)
Package ifluatex Info: LuaTeX not detected.
Package: ifvtex 2016/05/16 v1.6 Detect VTeX and its facilities (HO)
Package ifvtex Info: VTeX not detected.
Package: intcalc 2016/05/16 v1.2 Expandable calculations with integers (HO)
Package: ifpdf 2018/09/07 v3.3 Provides the ifpdf switch
Package: etexcmds 2016/05/16 v1.6 Avoid name clashes with e-TeX commands (HO)
Package etexcmds Info: Could not find \expanded.
(etexcmds)             That can mean that you are not using pdfTeX 1.50 or
(etexcmds)             that some package has redefined \expanded.
(etexcmds)             In the latter case, load this package earlier.
Package: kvsetkeys 2016/05/16 v1.17 Key value parser (HO)
Package: kvdefinekeys 2016/05/16 v1.4 Define keys (HO)
Package: pdftexcmds 2018/09/10 v0.29 Utility functions of pdfTeX for LuaTeX (HO
)
Package pdftexcmds Info: LuaTeX not detected.
Package pdftexcmds Info: \pdf@primitive is available.
Package pdftexcmds Info: \pdf@ifprimitive is available.
Package pdftexcmds Info: \pdfdraftmode found.
Package: pdfescape 2016/05/16 v1.14 Implements pdfTeX's escape features (HO)
Package: bigintcalc 2016/05/16 v1.4 Expandable calculations on big integers (HO
)
Package: bitset 2016/05/16 v1.2 Handle bit-vector datatype (HO)
Package: uniquecounter 2016/05/16 v1.3 Provide unlimited unique counter (HO)
)
Package hobsub Info: Skipping package `hobsub' (already loaded).
Package: letltxmacro 2016/05/16 v1.5 Let assignment for LaTeX macros (HO)
Package: hopatch 2016/05/16 v1.3 Wrapper for package hooks (HO)
Package: xcolor-patch 2016/05/16 xcolor patch
Package: atveryend 2016/05/16 v1.9 Hooks at the very end of document (HO)
Package atveryend Info: \enddocument detected (standard20110627).
Package: atbegshi 2016/06/09 v1.18 At begin shipout hook (HO)
Package: refcount 2016/05/16 v3.5 Data extraction from label references (HO)
Package: hycolor 2016/05/16 v1.8 Color options for hyperref/bookmark (HO)
) (/home/giovani/.miktex/texmfs/install/tex/generic/ifxetex/ifxetex.sty
Package: ifxetex 2010/09/12 v0.6 Provides ifxetex conditional
)
(/home/giovani/.miktex/texmfs/install/tex/latex/oberdiek/auxhook.sty
Package: auxhook 2016/05/16 v1.4 Hooks for auxiliary files (HO)
)
(/home/giovani/.miktex/texmfs/install/tex/latex/oberdiek/kvoptions.sty
Package: kvoptions 2016/05/16 v3.12 Key value format for package options (HO)
)
\@linkdim=\dimen182
\Hy@linkcounter=\count149
\Hy@pagecounter=\count150

(/home/giovani/.miktex/texmfs/install/tex/latex/hyperref/pd1enc.def
File: pd1enc.def 2018/09/30 v6.88a Hyperref: PDFDocEncoding definition (HO)
)
\Hy@SavedSpaceFactor=\count151

(/home/giovani/.miktex/texmfs/install/tex/latex/00miktex/hyperref.cfg
File: hyperref.cfg 2002/06/06 v1.2 hyperref configuration of TeXLive
)
Package hyperref Info: Option `colorlinks' set `true' on input line 4409.
Package hyperref Info: Option `linktocpage' set `true' on input line 4409.
Package hyperref Info: Option `hyperfootnotes' set `true' on input line 4409.
Package hyperref Info: Hyper figures OFF on input line 4535.
Package hyperref Info: Link nesting OFF on input line 4540.
Package hyperref Info: Hyper index ON on input line 4543.
Package hyperref Info: Plain pages OFF on input line 4550.
Package hyperref Info: Backreferencing OFF on input line 4555.
Package hyperref Info: Implicit mode ON; LaTeX internals redefined.
Package hyperref Info: Bookmarks ON on input line 4788.
\c@Hy@tempcnt=\count152

(/home/giovani/.miktex/texmfs/install/tex/latex/url/url.sty
\Urlmuskip=\muskip11
Package: url 2013/09/16  ver 3.4  Verb mode for urls, etc.
)
LaTeX Info: Redefining \url on input line 5141.
\XeTeXLinkMargin=\dimen183
\Fld@menulength=\count153
\Field@Width=\dimen184
\Fld@charsize=\dimen185
Package hyperref Info: Hyper figures OFF on input line 6396.
Package hyperref Info: Link nesting OFF on input line 6401.
Package hyperref Info: Hyper index ON on input line 6404.
Package hyperref Info: backreferencing OFF on input line 6411.
Package hyperref Info: Link coloring ON on input line 6414.
Package hyperref Info: Link coloring with OCG OFF on input line 6421.
Package hyperref Info: PDF/A mode OFF on input line 6426.
LaTeX Info: Redefining \ref on input line 6466.
LaTeX Info: Redefining \pageref on input line 6470.
\Hy@abspage=\count154
\c@Item=\count155
\c@Hfootnote=\count156
)
Package hyperref Info: Driver (autodetected): hpdftex.

(/home/giovani/.miktex/texmfs/install/tex/latex/hyperref/hpdftex.def
File: hpdftex.def 2018/09/30 v6.88a Hyperref driver for pdfTeX
\Fld@listcount=\count157
\c@bookmark@seq@number=\count158

(/home/giovani/.miktex/texmfs/install/tex/latex/oberdiek/rerunfilecheck.sty
Package: rerunfilecheck 2016/05/16 v1.8 Rerun checks for auxiliary files (HO)
Package uniquecounter Info: New unique counter `rerunfilecheck' on input line 2
82.
)
\Hy@SectionHShift=\skip57
)
(/home/giovani/.miktex/texmfs/install/tex/latex/geometry-de/geometry.sty
Package: geometry 2010/09/12 v5.6 Page Geometry
\Gm@cnth=\count159
\Gm@cntv=\count160
\c@Gm@tempcnt=\count161
\Gm@bindingoffset=\dimen186
\Gm@wd@mp=\dimen187
\Gm@odd@mp=\dimen188
\Gm@even@mp=\dimen189
\Gm@layoutwidth=\dimen190
\Gm@layoutheight=\dimen191
\Gm@layouthoffset=\dimen192
\Gm@layoutvoffset=\dimen193
\Gm@dimlist=\toks46

(/home/giovani/.miktex/texmfs/install/tex/latex/geometry/geometry.cfg))
(/home/giovani/.miktex/texmfs/install/tex/latex/lineno/lineno.sty
Package: lineno 2005/11/02 line numbers on paragraphs v4.41
\linenopenalty=\count162
\output=\toks47
\linenoprevgraf=\count163
\linenumbersep=\dimen194
\linenumberwidth=\dimen195
\c@linenumber=\count164
\c@pagewiselinenumber=\count165
\c@LN@truepage=\count166
\c@internallinenumber=\count167
\c@internallinenumbers=\count168
\quotelinenumbersep=\dimen196
\bframerule=\dimen197
\bframesep=\dimen198
\bframebox=\box48
LaTeX Info: Redefining \\ on input line 3056.
)
(/home/giovani/.miktex/texmfs/install/tex/latex/xwatermark/xwatermark.sty
(/home/giovani/.miktex/texmfs/install/tex/latex/catoptions/catoptions.sty
\m@one=\count169
\z@pt=\dimen199
Package: catoptions 2014/08/29 v0.2.7h Securing catcodes and parsing options (A
M)
\cpt@csvdepth=\count170
\cpt@optdepth=\count171
\cpt@cnta=\count172
\indrisdepth=\count173
\cpt@foreachdepth=\count174
\cpt@exprcnt=\count175
)
Package: xwatermark 2012/10/23 v1.5.2d A dynamic watermarking scheme (Ahmed Mus
a)

(/home/giovani/.miktex/texmfs/install/tex/latex/base/fix-cm.sty
Package: fix-cm 2015/01/14 v1.1t fixes to LaTeX

(/home/giovani/.miktex/texmfs/install/tex/latex/base/ts1enc.def
File: ts1enc.def 2001/06/05 v3.0e (jk/car/fm) Standard LaTeX file
))
(/home/giovani/.miktex/texmfs/install/tex/latex/oberdiek/picture.sty
Package: picture 2016/05/16 v1.4 Dimens for picture macros (HO)
Package picture Info: Calculation method: calc.
)
(/home/giovani/.miktex/texmfs/install/tex/latex/fancyhdr/fancyhdr.sty
Package: fancyhdr 2017/06/30 v3.9a Extensive control of page headers and footer
s
\f@nch@headwidth=\skip58
\f@nch@O@elh=\skip59
\f@nch@O@erh=\skip60
\f@nch@O@olh=\skip61
\f@nch@O@orh=\skip62
\f@nch@O@elf=\skip63
\f@nch@O@erf=\skip64
\f@nch@O@olf=\skip65
\f@nch@O@orf=\skip66
)
(/home/giovani/.miktex/texmfs/install/tex/latex/ltxkeys/ltxkeys.sty
Package: ltxkeys 2012/11/17 v0.0.3c A robust key-value parser (AM) (Ahmed Musa)

\ltxkeys@csvdepth=\count176
\ltxkeys@keydepth=\count177
)
(/home/giovani/.miktex/texmfs/install/tex/latex/framed/framed.sty
Package: framed 2011/10/22 v 0.96: framed or shaded text with page breaks
\OuterFrameSep=\skip67
\fb@frw=\dimen256
\fb@frh=\dimen257
\FrameRule=\dimen258
\FrameSep=\dimen259
)
\AtBeginShipoutBox=\box49
\xwm@boxa=\box50
\xwm@boxb=\box51
\xwm@cnta=\count178
\xwm@wrt=\write5
 (tesis.xwm)
\openout5 = `tesis.xwm'.

) (/home/giovani/.miktex/texmfs/install/tex/latex/tocbibind/tocbibind.sty
Package: tocbibind 2010/10/13 v1.5k extra ToC listings
Package tocbibind Info: The document has chapter divisions on input line 50.


Package tocbibind Note: Using chapter style headings, unless overridden.

)
\@subtitle=\count179
\@institutelogo=\count180
\@director=\count181
\@codirector=\count182
\@directoracademico=\count183
\@examiner=\count184
\@institute=\count185
\c@institute=\count186
\@seconduniversity=\count187
\c@seconduniversity=\count188
\@thirduniversity=\count189
\c@thirduniversity=\count190
\c@keywords=\count191
\c@foreignkeywords=\count192
\bibindent=\dimen260
\@apenarabicnumbering=\count193
\@anexarabicnumbering=\count194
)
(/home/giovani/.miktex/texmfs/install/tex/latex/glossaries/base/glossaries.sty
Package: glossaries 2018/07/23 v4.41 (NLCT)

(/home/giovani/.miktex/texmfs/install/tex/latex/mfirstuc/mfirstuc.sty
Package: mfirstuc 2017/11/14 v2.06 (NLCT)

(/home/giovani/.miktex/texmfs/install/tex/latex/etoolbox/etoolbox.sty
Package: etoolbox 2018/08/19 v2.5f e-TeX tools for LaTeX (JAW)
\etb@tempcnta=\count195
)
\@glsmfirst=\toks48
\@glsmrest=\toks49
)
(/home/giovani/.miktex/texmfs/install/tex/latex/textcase/textcase.sty
Package: textcase 2004/10/07 v0.07 Text only upper/lower case changing (DPC)
)
(/home/giovani/.miktex/texmfs/install/tex/latex/xfor/xfor.sty
Package: xfor 2009/02/05 v1.05 (NLCT)
)
(/home/giovani/.miktex/texmfs/install/tex/latex/datatool/datatool-base.sty
Package: datatool-base 2018/04/16 v2.30 (NLCT)

(/home/giovani/.miktex/texmfs/install/tex/latex/substr/substr.sty
Package: substr 2009/10/20 v1.2 Handle substrings
\c@su@anzahl=\count196
)
(/home/giovani/.miktex/texmfs/install/tex/latex/datatool/datatool-fp.sty
Package: datatool-fp 2018/04/16 v2.30 (NLCT)

(/home/giovani/.miktex/texmfs/install/tex/latex/fp/fp.sty
Package: fp 1995/04/02

`Fixed Point Package', Version 0.8, April 2, 1995 (C) Michael Mehlich
(/home/giovani/.miktex/texmfs/install/tex/latex/fp/defpattern.sty
Package: defpattern 1994/10/12
\actioncount=\count197
)
(/home/giovani/.miktex/texmfs/install/tex/latex/fp/fp-basic.sty
Package: fp-basic 1996/05/13
\FP@xs=\count198
\FP@xia=\count199
\FP@xib=\count266
\FP@xfa=\count267
\FP@xfb=\count268
\FP@rega=\count269
\FP@regb=\count270
\FP@regs=\count271
\FP@times=\count272
)
(/home/giovani/.miktex/texmfs/install/tex/latex/fp/fp-addons.sty
Package: fp-addons 1995/03/15
)
(/home/giovani/.miktex/texmfs/install/tex/latex/fp/fp-snap.sty
Package: fp-snap 1995/04/05
)
(/home/giovani/.miktex/texmfs/install/tex/latex/fp/fp-exp.sty
Package: fp-exp 1995/04/03
)
(/home/giovani/.miktex/texmfs/install/tex/latex/fp/fp-trigo.sty
Package: fp-trigo 1995/04/14
)
(/home/giovani/.miktex/texmfs/install/tex/latex/fp/fp-pas.sty
Package: fp-pas 1994/08/29
)
(/home/giovani/.miktex/texmfs/install/tex/latex/fp/fp-random.sty
Package: fp-random 1995/02/23
\FPseed=\count273
)
(/home/giovani/.miktex/texmfs/install/tex/latex/fp/fp-eqn.sty
Package: fp-eqn 1995/04/03
)
(/home/giovani/.miktex/texmfs/install/tex/latex/fp/fp-upn.sty
Package: fp-upn 1996/10/21
)
(/home/giovani/.miktex/texmfs/install/tex/latex/fp/fp-eval.sty
Package: fp-eval 1995/04/03
)))
\@dtl@toks=\toks50
\@dtl@tmpcount=\count274
\dtl@tmplength=\skip68
\dtl@sortresult=\count275
\@dtl@numgrpsepcount=\count276
\@dtl@datatype=\count277
\dtl@codeA=\count278
\dtl@codeB=\count279
\@dtl@foreach@level=\count280
)
(/home/giovani/.miktex/texmfs/install/tex/latex/glossaries/base/glossaries-comp
atible-307.sty
Package: glossaries-compatible-307 2018/07/23 v4.41 (NLCT)
)
(/home/giovani/.miktex/texmfs/install/tex/latex/tracklang/tracklang.sty
Package: tracklang 2018/05/13 v1.3.6 (NLCT) Track Languages

(/home/giovani/.miktex/texmfs/install/tex/generic/tracklang/tracklang.tex))
(/home/giovani/.miktex/texmfs/install/tex/latex/translator/translator.sty
Package: translator 2018/01/04 v1.12 Easy translation of strings in LaTeX
)
(/home/giovani/.miktex/texmfs/install/tex/latex/glossaries-spanish/glossaries-s
panish.ldf
File: glossaries-spanish.ldf 2014/11/23 v1.0

(/home/giovani/.miktex/texmfs/install/tex/latex/glossaries-spanish/glossaries-s
panish-noenc.ldf))
(/home/giovani/.miktex/texmfs/install/tex/latex/glossaries-english/glossaries-e
nglish.ldf
File: glossaries-english.ldf 2014/11/23 v1.0
)
\gls@level=\count281
\@gls@tmpb=\toks51
\gls@tmplen=\skip69
\glskeylisttok=\toks52
\glslabeltok=\toks53
\glsshorttok=\toks54
\glslongtok=\toks55

(/home/giovani/.miktex/texmfs/install/tex/latex/glossaries/styles/glossary-hype
rnav.sty
Package: glossary-hypernav 2018/07/23 v4.41 (NLCT)
)
(/home/giovani/.miktex/texmfs/install/tex/latex/glossaries/styles/glossary-list
.sty
Package: glossary-list 2018/07/23 v4.41 (NLCT)
\glslistdottedwidth=\skip70
)
(/home/giovani/.miktex/texmfs/install/tex/latex/glossaries/styles/glossary-long
.sty
Package: glossary-long 2018/07/23 v4.41 (NLCT)
 (/home/giovani/.miktex/texmfs/install/tex/latex/tools/longtable.sty
Package: longtable 2014/10/28 v4.11 Multi-page Table package (DPC)
\LTleft=\skip71
\LTright=\skip72
\LTpre=\skip73
\LTpost=\skip74
\LTchunksize=\count282
\LTcapwidth=\dimen261
\LT@head=\box52
\LT@firsthead=\box53
\LT@foot=\box54
\LT@lastfoot=\box55
\LT@cols=\count283
\LT@rows=\count284
\c@LT@tables=\count285
\c@LT@chunks=\count286
\LT@p@ftn=\toks56
)
\glsdescwidth=\skip75
\glspagelistwidth=\skip76
)
(/home/giovani/.miktex/texmfs/install/tex/latex/glossaries/styles/glossary-supe
r.sty
Package: glossary-super 2018/07/23 v4.41 (NLCT)

(/home/giovani/.miktex/texmfs/install/tex/latex/supertabular/supertabular.sty
Package: supertabular 2004/02/20 v4.1e the supertabular environment
\c@tracingst=\count287
\ST@wd=\dimen262
\ST@rightskip=\skip77
\ST@leftskip=\skip78
\ST@parfillskip=\skip79
\ST@pageleft=\dimen263
\ST@headht=\dimen264
\ST@tailht=\dimen265
\ST@pagesofar=\dimen266
\ST@pboxht=\dimen267
\ST@lineht=\dimen268
\ST@stretchht=\dimen269
\ST@prevht=\dimen270
\ST@toadd=\dimen271
\ST@dimen=\dimen272
\ST@pbox=\box56
))
(/home/giovani/.miktex/texmfs/install/tex/latex/glossaries/styles/glossary-tree
.sty
Package: glossary-tree 2018/07/23 v4.41 (NLCT)
\glstreeindent=\skip80
))
Package hyperref Info: Option `colorlinks' set `true' on input line 13.
 (/home/giovani/.miktex/texmfs/install/tex/latex/natbib/natbib.sty
Package: natbib 2010/09/13 8.31b (PWD, AO)
\bibhang=\skip81
\bibsep=\skip82
LaTeX Info: Redefining \cite on input line 694.
\c@NAT@ctr=\count288
)
(glosario_listas_indices/simbolos.tex) (glosario_listas_indices/siglas.tex)
(glosario_listas_indices/notacion.tex) (glosario_listas_indices/glosario.tex)
\c@Changes@addedCountJLM=\count289
\c@Changes@deletedCountJLM=\count290
\c@Changes@replacedCountJLM=\count291
\c@Changes@highlightCountJLM=\count292
\c@Changes@commentCountJLM=\count293
\c@Changes@addedCountJH=\count294
\c@Changes@deletedCountJH=\count295
\c@Changes@replacedCountJH=\count296
\c@Changes@highlightCountJH=\count297
\c@Changes@commentCountJH=\count298
\c@Changes@addedCountMC=\count299
\c@Changes@deletedCountMC=\count300
\c@Changes@replacedCountMC=\count301
\c@Changes@highlightCountMC=\count302
\c@Changes@commentCountMC=\count303


LaTeX Warning: Unused global option(s):
    [a4paper].

(tesis.aux
LaTeX Info: Redefining \. on input line 32.
LaTeX Info: Redefining \% on input line 32.
 (ded_agr_epi/dedicacion.aux) (ded_agr_epi/agradecimientos.aux)
(ded_agr_epi/epigrafe.aux) (resumen/resumen.aux) (resumen/abstract.aux
LaTeX Info: Redefining \. on input line 5.
LaTeX Info: Redefining \% on input line 5.
)
(capitulos/chap01.aux) (capitulos/chap02.aux) (capitulos/chap03.aux)
(capitulos/chap04.aux) (capitulos/chap05.aux

LaTeX Warning: Label `fig:comp' multiply defined.


LaTeX Warning: Label `fig:comp' multiply defined.


LaTeX Warning: Label `fig:comp' multiply defined.


LaTeX Warning: Label `fig:comp' multiply defined.


LaTeX Warning: Label `fig:comp' multiply defined.


LaTeX Warning: Label `fig:comp' multiply defined.


LaTeX Warning: Label `fig:comp' multiply defined.

) (capitulos/chap06.aux

LaTeX Warning: Label `fig:comp' multiply defined.


LaTeX Warning: Label `fig:comp' multiply defined.


LaTeX Warning: Label `fig:comp' multiply defined.

) (capitulos/chap07.aux) (capitulos/chap08.aux

LaTeX Warning: Label `tab:comp' multiply defined.


LaTeX Warning: Label `fig:comp' multiply defined.

))
\openout1 = `tesis.aux'.

LaTeX Font Info:    Checking defaults for OML/cmm/m/it on input line 41.
LaTeX Font Info:    ... okay on input line 41.
LaTeX Font Info:    Checking defaults for T1/cmr/m/n on input line 41.
LaTeX Font Info:    ... okay on input line 41.
LaTeX Font Info:    Checking defaults for OT1/cmr/m/n on input line 41.
LaTeX Font Info:    ... okay on input line 41.
LaTeX Font Info:    Checking defaults for OMS/cmsy/m/n on input line 41.
LaTeX Font Info:    ... okay on input line 41.
LaTeX Font Info:    Checking defaults for OMX/cmex/m/n on input line 41.
LaTeX Font Info:    ... okay on input line 41.
LaTeX Font Info:    Checking defaults for U/cmr/m/n on input line 41.
LaTeX Font Info:    ... okay on input line 41.
LaTeX Font Info:    Checking defaults for PD1/pdf/m/n on input line 41.
LaTeX Font Info:    ... okay on input line 41.
LaTeX Font Info:    Checking defaults for TS1/cmr/m/n on input line 41.
LaTeX Font Info:    ... okay on input line 41.
 (/home/giovani/.miktex/texmfs/install/tex/context/base/supp-pdf.mkii
[Loading MPS to PDF converter (version 2006.09.02).]
\scratchcounter=\count304
\scratchdimen=\dimen273
\scratchbox=\box57
\nofMPsegments=\count305
\nofMParguments=\count306
\everyMPshowfont=\toks57
\MPscratchCnt=\count307
\MPscratchDim=\dimen274
\MPnumerator=\count308
\makeMPintoPDFobject=\count309
\everyMPtoPDFconversion=\toks58
) (/home/giovani/.miktex/texmfs/install/tex/latex/oberdiek/epstopdf-base.sty
Package: epstopdf-base 2016/05/15 v2.6 Base part for package epstopdf

(/home/giovani/.miktex/texmfs/install/tex/latex/oberdiek/grfext.sty
Package: grfext 2016/05/16 v1.2 Manage graphics extensions (HO)
)
Package epstopdf-base Info: Redefining graphics rule for `.eps' on input line 4
38.
Package grfext Info: Graphics extension search list:
(grfext)             [.pdf,.png,.jpg,.mps,.jpeg,.jbig2,.jb2,.PDF,.PNG,.JPG,.JPE
G,.JBIG2,.JB2,.eps]
(grfext)             \AppendGraphicsExtensions on input line 456.
)
ABD: EveryShipout initializing macros
Package lastpage Info: Please have a look at the pageslts package at
(lastpage)             https://www.ctan.org/pkg/pageslts
(lastpage)             ! on input line 41.
LaTeX Info: Redefining \. on input line 41.
LaTeX Info: Redefining \% on input line 41.

(/home/giovani/.miktex/texmfs/install/tex/latex/ucs/ucsencs.def
File: ucsencs.def 2011/01/21 Fixes to fontencodings LGR, T3
)
Package caption Info: Begin \AtBeginDocument code.
Package caption Info: hyperref package is loaded.
Package caption Info: longtable package is loaded.

(/home/giovani/.miktex/texmfs/install/tex/latex/caption/ltcaption.sty
Package: ltcaption 2018/08/26 v1.4-95 longtable captions (AR)
)
Package caption Info: supertabular package is loaded.
Package caption Info: End \AtBeginDocument code.
Package hyperref Info: Link coloring ON on input line 41.

(/home/giovani/.miktex/texmfs/install/tex/latex/hyperref/nameref.sty
Package: nameref 2016/05/21 v2.44 Cross-referencing by name of section

(/home/giovani/.miktex/texmfs/install/tex/generic/oberdiek/gettitlestring.sty
Package: gettitlestring 2016/05/16 v1.5 Cleanup title references (HO)
)
\c@section@level=\count310
)
LaTeX Info: Redefining \ref on input line 41.
LaTeX Info: Redefining \pageref on input line 41.
LaTeX Info: Redefining \nameref on input line 41.
(tesis.out) (tesis.out)
\@outlinefile=\write6
\openout6 = `tesis.out'.


*geometry* driver: auto-detecting
*geometry* detected driver: pdftex
*geometry* verbose mode - [ preamble ] result:
* driver: pdftex
* paper: a4paper
* layout: <same size as paper>
* layoutoffset:(h,v)=(0.0pt,0.0pt)
* vratio: 1:1
* modes: 
* h-part:(L,W,R)=(113.81102pt, 398.3386pt, 85.35826pt)
* v-part:(T,H,B)=(113.81102pt, 645.87756pt, 85.35826pt)
* \paperwidth=597.50787pt
* \paperheight=845.04684pt
* \textwidth=398.3386pt
* \textheight=645.87756pt
* \oddsidemargin=41.54103pt
* \evensidemargin=13.08827pt
* \topmargin=9.66724pt
* \headheight=12.0pt
* \headsep=19.8738pt
* \topskip=12.0pt
* \footskip=30.0pt
* \marginparwidth=71.13188pt
* \marginparsep=7.0pt
* \columnsep=10.0pt
* \skip\footins=10.8pt plus 4.0pt minus 2.0pt
* \hoffset=0.0pt
* \voffset=0.0pt
* \mag=1000
* \@twocolumnfalse
* \@twosidefalse
* \@mparswitchtrue
* \@reversemarginfalse
* (1in=72.27pt=25.4mm, 1cm=28.453pt)

<imagenes/logo_udelar.pdf, id=156, 207.28883pt x 59.6364pt>
File: imagenes/logo_udelar.pdf Graphic file (type pdf)
<use imagenes/logo_udelar.pdf>
Package pdftex.def Info: imagenes/logo_udelar.pdf  used on input line 86.
(pdftex.def)             Requested size: 179.61234pt x 51.67139pt.
(/home/giovani/.miktex/texmfs/install/tex/latex/ucs/uni-0.def
File: uni-0.def 2013/05/13 UCS: Unicode data U+0000..U+00FF
) [1


{/home/giovani/.miktex/texmfs/data/pdftex/config/pdftex.map} <./imagenes/logo_u
delar.pdf>]
File: imagenes/logo_udelar.pdf Graphic file (type pdf)
<use imagenes/logo_udelar.pdf>
Package pdftex.def Info: imagenes/logo_udelar.pdf  used on input line 88.
(pdftex.def)             Requested size: 179.61234pt x 51.67139pt.
LaTeX Font Info:    Try loading font information for U+msa on input line 88.

(/home/giovani/.miktex/texmfs/install/tex/latex/amsfonts/umsa.fd
File: umsa.fd 2013/01/14 v3.01 AMS symbols A
)
LaTeX Font Info:    Try loading font information for U+msb on input line 88.

(/home/giovani/.miktex/texmfs/install/tex/latex/amsfonts/umsb.fd
File: umsb.fd 2013/01/14 v3.01 AMS symbols B
) [2

] [3

]
[4

]
\openout2 = `ded_agr_epi/dedicacion.aux'.

 (ded_agr_epi/dedicacion.tex) [5


]
\openout2 = `ded_agr_epi/agradecimientos.aux'.

 (ded_agr_epi/agradecimientos.tex) [6



]
\openout2 = `ded_agr_epi/epigrafe.aux'.


(ded_agr_epi/epigrafe.tex) [7



]
\openout2 = `resumen/resumen.aux'.

 (resumen/resumen.tex [8



]) [9]
\openout2 = `resumen/abstract.aux'.


(resumen/abstract.tex
LaTeX Info: Redefining \. on input line 1.
LaTeX Info: Redefining \% on input line 1.
) [10



]

Package glossaries Warning: Empty glossary for \printnoidxglossary[type={simbol
os}]. Rerun may be required (or you may have forgotten to use commands like \gl
s) on input line 98.


Package glossaries Warning: Empty glossary for \printnoidxglossary[type={acrony
m}]. Rerun may be required (or you may have forgotten to use commands like \gls
) on input line 100.

(tesis.toc
LaTeX Info: Redefining \. on input line 1.
LaTeX Info: Redefining \% on input line 1.
LaTeX Info: Redefining \. on input line 3.
LaTeX Info: Redefining \% on input line 3.
 [11


])
\tf@toc=\write7
\openout7 = `tesis.toc'.

 [12]
\openout2 = `capitulos/chap01.aux'.

 (capitulos/chap01.tex
Cap\'{\i }tulo 1.
(/home/giovani/.miktex/texmfs/install/tex/latex/ucs/uni-32.def
File: uni-32.def 2013/05/13 UCS: Unicode data U+2000..U+20FF
))
Underfull \vbox (badness 10000) has occurred while \output is active []

 [1



]
[2]
\openout2 = `capitulos/chap02.aux'.

 (capitulos/chap02.tex
Cap\'{\i }tulo 2.

Underfull \vbox (badness 4316) has occurred while \output is active []

 [3



]
[4] [5] [6]
Underfull \vbox (badness 6741) has occurred while \output is active []

 [7]
Underfull \vbox (badness 6741) has occurred while \output is active []

 [8]
Underfull \vbox (badness 6741) has occurred while \output is active []

 [9]
[10]) [11]
\openout2 = `capitulos/chap03.aux'.

 (capitulos/chap03.tex
Cap\'{\i }tulo 3.

Underfull \vbox (badness 2318) has occurred while \output is active []

 [12



]
Overfull \hbox (537.99498pt too wide) in paragraph at lines 13--36
 [][] 
 []

) [13] [14]
\openout2 = `capitulos/chap04.aux'.

 (capitulos/chap04.tex
Cap\'{\i }tulo 4.
[15



] [16] [17] [18]
Underfull \vbox (badness 10000) has occurred while \output is active []

 [19]
[20]) [21] [22]
\openout2 = `capitulos/chap05.aux'.

 (capitulos/chap05.tex
Cap\'{\i }tulo 5.
<imagenes/chap5/image1.png, id=364, 753.81625pt x 391.4625pt>
File: imagenes/chap5/image1.png Graphic file (type png)
<use imagenes/chap5/image1.png>
Package pdftex.def Info: imagenes/chap5/image1.png  used on input line 9.
(pdftex.def)             Requested size: 318.67209pt x 165.4883pt.
<imagenes/chap5/image2.png, id=366, 332.24126pt x 81.30376pt>
File: imagenes/chap5/image2.png Graphic file (type png)
<use imagenes/chap5/image2.png>
Package pdftex.def Info: imagenes/chap5/image2.png  used on input line 17.
(pdftex.def)             Requested size: 318.67209pt x 77.98743pt.

LaTeX Warning: `!h' float specifier changed to `!ht'.


Underfull \vbox (badness 10000) has occurred while \output is active []

 [23



 <./imagenes/chap5/image1.png>]
<imagenes/chap5/image3.png, id=373, 532.99126pt x 81.30376pt>
File: imagenes/chap5/image3.png Graphic file (type png)
<use imagenes/chap5/image3.png>
Package pdftex.def Info: imagenes/chap5/image3.png  used on input line 37.
(pdftex.def)             Requested size: 318.67209pt x 48.61266pt.


LaTeX Warning: `!h' float specifier changed to `!ht'.


Underfull \vbox (badness 10000) has occurred while \output is active []

 [24 <./imagenes/chap5/image2.png>]
<imagenes/chap5/image4.png, id=380, 693.59125pt x 221.82875pt>
File: imagenes/chap5/image4.png Graphic file (type png)
<use imagenes/chap5/image4.png>
Package pdftex.def Info: imagenes/chap5/image4.png  used on input line 50.
(pdftex.def)             Requested size: 318.67209pt x 101.9206pt.


LaTeX Warning: `!h' float specifier changed to `!ht'.

[25 <./imagenes/chap5/image3.png>] [26 <./imagenes/chap5/image4.png>] [27]
[28]
<imagenes/chap5/image5.png, id=402, 693.59125pt x 221.82875pt>
File: imagenes/chap5/image5.png Graphic file (type png)
<use imagenes/chap5/image5.png>
Package pdftex.def Info: imagenes/chap5/image5.png  used on input line 98.
(pdftex.def)             Requested size: 318.67209pt x 101.9206pt.
 [29 <./imagenes/chap5/image5.png>]
<imagenes/chap5/image6.png, id=409, 563.10374pt x 81.30376pt>
File: imagenes/chap5/image6.png Graphic file (type png)
<use imagenes/chap5/image6.png>
Package pdftex.def Info: imagenes/chap5/image6.png  used on input line 112.
(pdftex.def)             Requested size: 318.67209pt x 46.01112pt.
<imagenes/chap5/image7.png, id=410, 773.89125pt x 269.005pt>
File: imagenes/chap5/image7.png Graphic file (type png)
<use imagenes/chap5/image7.png>
Package pdftex.def Info: imagenes/chap5/image7.png  used on input line 124.
(pdftex.def)             Requested size: 318.67209pt x 110.76889pt.


LaTeX Warning: `!h' float specifier changed to `!ht'.

[30 <./imagenes/chap5/image6.png>]
<imagenes/chap5/image8.png, id=417, 357.335pt x 81.30376pt>
File: imagenes/chap5/image8.png Graphic file (type png)
<use imagenes/chap5/image8.png>
Package pdftex.def Info: imagenes/chap5/image8.png  used on input line 140.
(pdftex.def)             Requested size: 318.67209pt x 72.51021pt.


LaTeX Warning: `!h' float specifier changed to `!ht'.

[31 <./imagenes/chap5/image7.png>]
(/home/giovani/.miktex/texmfs/install/tex/latex/ucs/uni-1.def
File: uni-1.def 2013/05/13 UCS: Unicode data U+0100..U+01FF
)
Underfull \vbox (badness 10000) has occurred while \output is active []

 [32 <./imagenes/chap5/image8.png>]) [33]
\openout2 = `capitulos/chap06.aux'.

 (capitulos/chap06.tex
Cap\'{\i }tulo 6.
[34



]
<imagenes/chap6/image1.png, id=439, 269.005pt x 317.185pt>
File: imagenes/chap6/image1.png Graphic file (type png)
<use imagenes/chap6/image1.png>
Package pdftex.def Info: imagenes/chap6/image1.png  used on input line 17.
(pdftex.def)             Requested size: 318.67209pt x 375.75119pt.


LaTeX Warning: `!h' float specifier changed to `!ht'.

<imagenes/chap6/image2.png, id=440, 388.45125pt x 427.5975pt>
File: imagenes/chap6/image2.png Graphic file (type png)
<use imagenes/chap6/image2.png>
Package pdftex.def Info: imagenes/chap6/image2.png  used on input line 26.
(pdftex.def)             Requested size: 318.67209pt x 350.79533pt.

LaTeX Warning: `!h' float specifier changed to `!ht'.

<imagenes/chap6/image3.png, id=441, 423.5825pt x 451.6875pt>
File: imagenes/chap6/image3.png Graphic file (type png)
<use imagenes/chap6/image3.png>
Package pdftex.def Info: imagenes/chap6/image3.png  used on input line 35.
(pdftex.def)             Requested size: 318.67209pt x 339.82617pt.

LaTeX Warning: `!h' float specifier changed to `!ht'.

[35]
Underfull \vbox (badness 10000) has occurred while \output is active []

 [36 <./imagenes/chap6/image1.png>] [37 <./imagenes/chap6/image2.png>]
Underfull \vbox (badness 7030) has occurred while \output is active []

 [38 <./imagenes/chap6/image3.png>]
LaTeX Font Info:    Try loading font information for OMS+cmr on input line 146.


(/home/giovani/.miktex/texmfs/install/tex/latex/base/omscmr.fd
File: omscmr.fd 2014/09/29 v2.5h Standard LaTeX font definitions
)
LaTeX Font Info:    Font shape `OMS/cmr/m/n' in size <12> not available
(Font)              Font shape `OMS/cmsy/m/n' tried instead on input line 146.

(/home/giovani/.miktex/texmfs/install/tex/latex/ucs/uni-33.def
File: uni-33.def 2013/05/13 UCS: Unicode data U+2100..U+21FF
)) [39]
\openout2 = `capitulos/chap07.aux'.


(capitulos/chap07.tex
Cap\'{\i }tulo 7.

Underfull \vbox (badness 10000) has occurred while \output is active []

 [40



])
[41]
\openout2 = `capitulos/chap08.aux'.

 (capitulos/chap08.tex
Cap\'{\i }tulo 8.
<imagenes/chap4/x_vs_y.png, id=476, 578.16pt x 413.3844pt>
File: imagenes/chap4/x_vs_y.png Graphic file (type png)
<use imagenes/chap4/x_vs_y.png>
Package pdftex.def Info: imagenes/chap4/x_vs_y.png  used on input line 29.
(pdftex.def)             Requested size: 318.67209pt x 227.84781pt.

LaTeX Warning: `!h' float specifier changed to `!ht'.

) [42



] [43 <./imagenes/chap4/x_vs_y.png (PNG copy)>] (tesis.bbl

Package natbib Warning: Empty `thebibliography' environment on input line 3.

)

Package glossaries Warning: Empty glossary for \printnoidxglossary[type={glosar
io}]. Rerun may be required (or you may have forgotten to use commands like \gl
s) on input line 122.

[44



] [45

] (apendice/apendice_A.tex
Ap\'{e}ndice 1.
) (apendice/apendice_B.tex [46

]
Ap\'{e}ndice 2.
) (apendice/apendice_C.tex [47

]
Ap\'{e}ndice 3.
) [48

] [49

] (anexo/anexo_A.tex
Anexo 1.
)
\Changes@OutFile=\write8
\openout8 = `tesis.soc'.

\tf@loc=\write9
\openout9 = `tesis.loc'.

 
AED: lastpage setting LastPage
[50

]
Package atveryend Info: Empty hook `BeforeClearDocument' on input line 136.
Package atveryend Info: Executing hook `AfterLastShipout' on input line 136.
 (tesis.xwm) (tesis.aux
LaTeX Info: Redefining \. on input line 32.
LaTeX Info: Redefining \% on input line 32.
 (ded_agr_epi/dedicacion.aux)
(ded_agr_epi/agradecimientos.aux) (ded_agr_epi/epigrafe.aux)
(resumen/resumen.aux) (resumen/abstract.aux
LaTeX Info: Redefining \. on input line 5.
LaTeX Info: Redefining \% on input line 5.
) (capitulos/chap01.aux)
(capitulos/chap02.aux) (capitulos/chap03.aux) (capitulos/chap04.aux)
(capitulos/chap05.aux) (capitulos/chap06.aux) (capitulos/chap07.aux)
(capitulos/chap08.aux))
Package atveryend Info: Executing hook `AtVeryEndDocument' on input line 136.
Package atveryend Info: Executing hook `AtEndAfterFileList' on input line 136.
Package rerunfilecheck Info: File `tesis.out' has not changed.
(rerunfilecheck)             Checksum: F3C7FB570C4E2CED16ED1BE3941C84C9;2383.


LaTeX Warning: There were multiply-defined labels.

Package atveryend Info: Empty hook `AtVeryVeryEnd' on input line 136.
 ) 
Here is how much of TeX's memory you used:
 33851 strings out of 494889
 626610 string characters out of 3178524
 790878 words of memory out of 3000000
 36624 multiletter control sequences out of 15000+200000
 11767 words of font info for 44 fonts, out of 3000000 for 9000
 1 hyphenation exception out of 8191
 76i,9n,94p,2398b,692s stack positions out of 5000i,500n,10000p,200000b,50000s
 </home/giovani/.miktex/texmfs/data/fonts/pk/ljfour/public/cm/dpi720/cmbcsc10
.pk></home/giovani/.miktex/texmfs/install/fonts/type1/public/amsfonts/cm/cmbx10
.pfb></home/giovani/.miktex/texmfs/install/fonts/type1/public/amsfonts/cm/cmbx1
2.pfb></home/giovani/.miktex/texmfs/install/fonts/type1/public/amsfonts/cm/cmcs
c10.pfb></home/giovani/.miktex/texmfs/install/fonts/type1/public/amsfonts/cm/cm
mi12.pfb></home/giovani/.miktex/texmfs/install/fonts/type1/public/amsfonts/cm/c
mr10.pfb></home/giovani/.miktex/texmfs/install/fonts/type1/public/amsfonts/cm/c
mr12.pfb></home/giovani/.miktex/texmfs/install/fonts/type1/public/amsfonts/cm/c
mr17.pfb></home/giovani/.miktex/texmfs/install/fonts/type1/public/amsfonts/cm/c
mr8.pfb></home/giovani/.miktex/texmfs/install/fonts/type1/public/amsfonts/cm/cm
sy10.pfb></home/giovani/.miktex/texmfs/install/fonts/type1/public/amsfonts/cm/c
mti12.pfb>
Output written on tesis.pdf (62 pages, 412028 bytes).
PDF statistics:
 582 PDF objects out of 1000 (max. 8388607)
 115 named destinations out of 1000 (max. 500000)
 382 words of extra memory for PDF output out of 10000 (max. 10000000)

