\BOOKMARK [0][-]{chapter*.1}{Lista de s\355mbolos}{}% 1
\BOOKMARK [0][-]{chapter*.1}{Lista de siglas}{}% 2
\BOOKMARK [0][-]{chapter.1}{Introducci\363n}{}% 3
\BOOKMARK [0][-]{chapter.2}{Revisi\363n de antecedentes}{}% 4
\BOOKMARK [0][-]{chapter.3}{Caracter\355sticas de hardware}{}% 5
\BOOKMARK [1][-]{section.3.1}{Drones}{chapter.3}% 6
\BOOKMARK [1][-]{section.3.2}{Simuladores}{chapter.3}% 7
\BOOKMARK [0][-]{chapter.4}{Implementaci\363n}{}% 8
\BOOKMARK [1][-]{section.4.1}{Autonom\355a de los drones}{chapter.4}% 9
\BOOKMARK [1][-]{section.4.2}{Herramientas de compilaci\363n}{chapter.4}% 10
\BOOKMARK [1][-]{section.4.3}{Lenguaje de programaci\363n}{chapter.4}% 11
\BOOKMARK [1][-]{section.4.4}{Conectividad entre los drones}{chapter.4}% 12
\BOOKMARK [1][-]{section.4.5}{Control de posicionamiento}{chapter.4}% 13
\BOOKMARK [1][-]{section.4.6}{Ubicaci\363n relativa a movimientos}{chapter.4}% 14
\BOOKMARK [1][-]{section.4.7}{Ubicaci\363n por GPS}{chapter.4}% 15
\BOOKMARK [1][-]{section.4.8}{Ubicaci\363n por se\361al Wifi}{chapter.4}% 16
\BOOKMARK [1][-]{section.4.9}{Ubicaci\363n por procesamiento de im\341genes}{chapter.4}% 17
\BOOKMARK [0][-]{chapter.5}{Caracter\355sticas del sistema}{}% 18
\BOOKMARK [1][-]{section.5.1}{Configuraci\363n inicial}{chapter.5}% 19
\BOOKMARK [1][-]{section.5.2}{Exploraci\363n}{chapter.5}% 20
\BOOKMARK [1][-]{section.5.3}{Puntos de inter\351s}{chapter.5}% 21
\BOOKMARK [1][-]{section.5.4}{Bater\355a}{chapter.5}% 22
\BOOKMARK [1][-]{section.5.5}{Coordinaci\363n}{chapter.5}% 23
\BOOKMARK [1][-]{section.5.6}{Sin conectividad}{chapter.5}% 24
\BOOKMARK [1][-]{section.5.7}{Fin}{chapter.5}% 25
\BOOKMARK [0][-]{chapter.6}{Experimentaci\363n}{}% 26
\BOOKMARK [1][-]{section.6.1}{Casos de prueba}{chapter.6}% 27
\BOOKMARK [0][-]{chapter.7}{Conclusiones}{}% 28
\BOOKMARK [0][-]{chapter.8}{Consideraciones finales}{}% 29
\BOOKMARK [1][-]{section.8.1}{T\355tulo de secci\363n}{chapter.8}% 30
\BOOKMARK [0][-]{chapter*.17}{Referencias bibliogr\341ficas}{}% 31
\BOOKMARK [0][-]{chapter*.17}{Glosario}{}% 32
\BOOKMARK [0][-]{section*.18}{Ap\351ndices}{}% 33
\BOOKMARK [0][-]{appendix.Alph1}{Datos procesados}{}% 34
\BOOKMARK [0][-]{appendix.Alph2}{Im\341genes remasterizadas}{}% 35
\BOOKMARK [0][-]{appendix.Alph3}{Entrevistas desgrabadas}{}% 36
\BOOKMARK [0][-]{section*.19}{Anexos}{}% 37
\BOOKMARK [0][-]{appendix.Anexo.1}{Material legislativo}{}% 38
